Mariokart_IRL/Application/arsdk-kjr-NDK19-MIN_SDK_19/out/arsdk-android/gradle/libmux/outputs/logs/manifest-merger-debug-report.txt
-- Merging decision tree log ---
manifest
ADDED from libmux/android/AndroidManifest.xml:2:1-6:12
INJECTED from libmux/android/AndroidManifest.xml:2:1-6:12
	package
		INJECTED from libmux/android/AndroidManifest.xml
	android:versionName
		ADDED from libmux/android/AndroidManifest.xml:5:5-30
	xmlns:android
		ADDED from libmux/android/AndroidManifest.xml:2:11-69
	android:versionCode
		ADDED from libmux/android/AndroidManifest.xml:4:5-28
uses-sdk
INJECTED from libmux/android/AndroidManifest.xml reason: use-sdk injection requested
INJECTED from libmux/android/AndroidManifest.xml
INJECTED from libmux/android/AndroidManifest.xml
	android:targetSdkVersion
		INJECTED from libmux/android/AndroidManifest.xml
	android:minSdkVersion
		INJECTED from libmux/android/AndroidManifest.xml